<?xml version="1.0" encoding="UTF-8"?>
<testsuite name="guru.qa.FilesParsingTest" tests="1" skipped="0" failures="0" errors="0" timestamp="2022-12-04T16:02:33" hostname="CX640" time="0.247">
  <properties/>
  <testcase name="csvTest()" classname="guru.qa.FilesParsingTest" time="0.247"/>
  <system-out><![CDATA[]]></system-out>
  <system-err><![CDATA[]]></system-err>
</testsuite>
